<?xml version="1.0" encoding="UTF-8"?>
<!-- Generated by org.testng.reporters.JUnitReportReporter -->
<testsuite hostname="USER-PC" name="TestScripts.LoginTestCase" tests="1" failures="0" timestamp="24 Jul 2017 16:57:09 GMT" time="14.068" errors="0">
  <testcase name="VerifyLogin" time="14.068" classname="TestScripts.LoginTestCase"/>
</testsuite> <!-- TestScripts.LoginTestCase -->
